<?xml version="1.0" encoding="UTF-8"?>
<testsuite xmlns:xsi="http://www.w3.org/2001/XMLSchema-instance" xsi:noNamespaceSchemaLocation="https://maven.apache.org/surefire/maven-surefire-plugin/xsd/surefire-test-report-3.0.xsd" version="3.0" name="tests.CartTest" time="17.184" tests="4" errors="0" skipped="0" failures="0">
  <properties>
    <property name="java.specification.version" value="20"/>
    <property name="sun.cpu.isalist" value="amd64"/>
    <property name="sun.jnu.encoding" value="UTF-8"/>
    <property name="java.class.path" value="C:\Users\kalekseenko\.m2\repository\org\apache\maven\surefire\surefire-booter\3.2.5\surefire-booter-3.2.5.jar;C:\Users\kalekseenko\.m2\repository\org\apache\maven\surefire\surefire-api\3.2.5\surefire-api-3.2.5.jar;C:\Users\kalekseenko\.m2\repository\org\apache\maven\surefire\surefire-logger-api\3.2.5\surefire-logger-api-3.2.5.jar;C:\Users\kalekseenko\.m2\repository\org\apache\maven\surefire\surefire-shared-utils\3.2.5\surefire-shared-utils-3.2.5.jar;C:\Users\kalekseenko\.m2\repository\org\apache\maven\surefire\surefire-extensions-spi\3.2.5\surefire-extensions-spi-3.2.5.jar;C:\Users\kalekseenko\ParametrizedTest\target\test-classes;C:\Users\kalekseenko\ParametrizedTest\target\classes;C:\Users\kalekseenko\.m2\repository\org\aeonbits\owner\owner\1.0.12\owner-1.0.12.jar;C:\Users\kalekseenko\.m2\repository\io\qameta\allure\allure-java-commons\2.20.0\allure-java-commons-2.20.0.jar;C:\Users\kalekseenko\.m2\repository\org\slf4j\slf4j-api\1.7.36\slf4j-api-1.7.36.jar;C:\Users\kalekseenko\.m2\repository\io\qameta\allure\allure-model\2.20.0\allure-model-2.20.0.jar;C:\Users\kalekseenko\.m2\repository\org\junit\jupiter\junit-jupiter\5.10.0\junit-jupiter-5.10.0.jar;C:\Users\kalekseenko\.m2\repository\org\junit\jupiter\junit-jupiter-api\5.10.0\junit-jupiter-api-5.10.0.jar;C:\Users\kalekseenko\.m2\repository\com\microsoft\playwright\playwright\1.52.0\playwright-1.52.0.jar;C:\Users\kalekseenko\.m2\repository\com\google\code\gson\gson\2.12.1\gson-2.12.1.jar;C:\Users\kalekseenko\.m2\repository\com\google\errorprone\error_prone_annotations\2.36.0\error_prone_annotations-2.36.0.jar;C:\Users\kalekseenko\.m2\repository\org\opentest4j\opentest4j\1.3.0\opentest4j-1.3.0.jar;C:\Users\kalekseenko\.m2\repository\com\microsoft\playwright\driver\1.52.0\driver-1.52.0.jar;C:\Users\kalekseenko\.m2\repository\com\microsoft\playwright\driver-bundle\1.52.0\driver-bundle-1.52.0.jar;C:\Users\kalekseenko\.m2\repository\org\junit\platform\junit-platform-engine\1.10.0\junit-platform-engine-1.10.0.jar;C:\Users\kalekseenko\.m2\repository\org\junit\platform\junit-platform-commons\1.10.0\junit-platform-commons-1.10.0.jar;C:\Users\kalekseenko\.m2\repository\org\apiguardian\apiguardian-api\1.1.2\apiguardian-api-1.1.2.jar;C:\Users\kalekseenko\.m2\repository\org\slf4j\slf4j-simple\1.7.36\slf4j-simple-1.7.36.jar;C:\Users\kalekseenko\.m2\repository\org\junit\jupiter\junit-jupiter-params\5.11.4\junit-jupiter-params-5.11.4.jar;C:\Users\kalekseenko\.m2\repository\io\qameta\allure\allure-junit5\2.29.1\allure-junit5-2.29.1.jar;C:\Users\kalekseenko\.m2\repository\io\qameta\allure\allure-junit-platform\2.29.1\allure-junit-platform-2.29.1.jar;C:\Users\kalekseenko\.m2\repository\org\junit\platform\junit-platform-launcher\1.10.3\junit-platform-launcher-1.10.3.jar;C:\Users\kalekseenko\.m2\repository\io\qameta\allure\allure-test-filter\2.29.1\allure-test-filter-2.29.1.jar;C:\Users\kalekseenko\.m2\repository\org\junit\jupiter\junit-jupiter-engine\5.10.0\junit-jupiter-engine-5.10.0.jar;C:\Users\kalekseenko\.m2\repository\org\aspectj\aspectjweaver\1.9.22\aspectjweaver-1.9.22.jar;C:\Users\kalekseenko\.m2\repository\org\assertj\assertj-core\3.27.3\assertj-core-3.27.3.jar;C:\Users\kalekseenko\.m2\repository\net\bytebuddy\byte-buddy\1.15.11\byte-buddy-1.15.11.jar;C:\Users\kalekseenko\.m2\repository\com\mysql\mysql-connector-j\8.0.33\mysql-connector-j-8.0.33.jar;C:\Users\kalekseenko\.m2\repository\com\google\protobuf\protobuf-java\3.21.9\protobuf-java-3.21.9.jar;C:\Users\kalekseenko\.m2\repository\org\postgresql\postgresql\42.7.5\postgresql-42.7.5.jar;C:\Users\kalekseenko\.m2\repository\org\checkerframework\checker-qual\3.48.3\checker-qual-3.48.3.jar;C:\Users\kalekseenko\.m2\repository\com\github\javafaker\javafaker\1.0.2\javafaker-1.0.2.jar;C:\Users\kalekseenko\.m2\repository\org\apache\commons\commons-lang3\3.5\commons-lang3-3.5.jar;C:\Users\kalekseenko\.m2\repository\org\yaml\snakeyaml\1.23\snakeyaml-1.23-android.jar;C:\Users\kalekseenko\.m2\repository\com\github\mifmif\generex\1.0.2\generex-1.0.2.jar;C:\Users\kalekseenko\.m2\repository\dk\brics\automaton\automaton\1.11-8\automaton-1.11-8.jar;C:\Users\kalekseenko\.m2\repository\software\amazon\awssdk\s3\2.20.112\s3-2.20.112.jar;C:\Users\kalekseenko\.m2\repository\software\amazon\awssdk\aws-xml-protocol\2.20.112\aws-xml-protocol-2.20.112.jar;C:\Users\kalekseenko\.m2\repository\software\amazon\awssdk\aws-query-protocol\2.20.112\aws-query-protocol-2.20.112.jar;C:\Users\kalekseenko\.m2\repository\software\amazon\awssdk\protocol-core\2.20.112\protocol-core-2.20.112.jar;C:\Users\kalekseenko\.m2\repository\software\amazon\awssdk\arns\2.20.112\arns-2.20.112.jar;C:\Users\kalekseenko\.m2\repository\software\amazon\awssdk\profiles\2.20.112\profiles-2.20.112.jar;C:\Users\kalekseenko\.m2\repository\software\amazon\awssdk\crt-core\2.20.112\crt-core-2.20.112.jar;C:\Users\kalekseenko\.m2\repository\software\amazon\awssdk\sdk-core\2.20.112\sdk-core-2.20.112.jar;C:\Users\kalekseenko\.m2\repository\org\reactivestreams\reactive-streams\1.0.3\reactive-streams-1.0.3.jar;C:\Users\kalekseenko\.m2\repository\software\amazon\awssdk\auth\2.20.112\auth-2.20.112.jar;C:\Users\kalekseenko\.m2\repository\software\amazon\eventstream\eventstream\1.0.1\eventstream-1.0.1.jar;C:\Users\kalekseenko\.m2\repository\software\amazon\awssdk\http-client-spi\2.20.112\http-client-spi-2.20.112.jar;C:\Users\kalekseenko\.m2\repository\software\amazon\awssdk\regions\2.20.112\regions-2.20.112.jar;C:\Users\kalekseenko\.m2\repository\software\amazon\awssdk\annotations\2.20.112\annotations-2.20.112.jar;C:\Users\kalekseenko\.m2\repository\software\amazon\awssdk\utils\2.20.112\utils-2.20.112.jar;C:\Users\kalekseenko\.m2\repository\software\amazon\awssdk\aws-core\2.20.112\aws-core-2.20.112.jar;C:\Users\kalekseenko\.m2\repository\software\amazon\awssdk\metrics-spi\2.20.112\metrics-spi-2.20.112.jar;C:\Users\kalekseenko\.m2\repository\software\amazon\awssdk\json-utils\2.20.112\json-utils-2.20.112.jar;C:\Users\kalekseenko\.m2\repository\software\amazon\awssdk\third-party-jackson-core\2.20.112\third-party-jackson-core-2.20.112.jar;C:\Users\kalekseenko\.m2\repository\software\amazon\awssdk\endpoints-spi\2.20.112\endpoints-spi-2.20.112.jar;C:\Users\kalekseenko\.m2\repository\software\amazon\awssdk\apache-client\2.20.112\apache-client-2.20.112.jar;C:\Users\kalekseenko\.m2\repository\org\apache\httpcomponents\httpclient\4.5.13\httpclient-4.5.13.jar;C:\Users\kalekseenko\.m2\repository\commons-logging\commons-logging\1.2\commons-logging-1.2.jar;C:\Users\kalekseenko\.m2\repository\org\apache\httpcomponents\httpcore\4.4.13\httpcore-4.4.13.jar;C:\Users\kalekseenko\.m2\repository\commons-codec\commons-codec\1.15\commons-codec-1.15.jar;C:\Users\kalekseenko\.m2\repository\software\amazon\awssdk\netty-nio-client\2.20.112\netty-nio-client-2.20.112.jar;C:\Users\kalekseenko\.m2\repository\io\netty\netty-codec-http\4.1.94.Final\netty-codec-http-4.1.94.Final.jar;C:\Users\kalekseenko\.m2\repository\io\netty\netty-codec-http2\4.1.94.Final\netty-codec-http2-4.1.94.Final.jar;C:\Users\kalekseenko\.m2\repository\io\netty\netty-codec\4.1.94.Final\netty-codec-4.1.94.Final.jar;C:\Users\kalekseenko\.m2\repository\io\netty\netty-transport\4.1.94.Final\netty-transport-4.1.94.Final.jar;C:\Users\kalekseenko\.m2\repository\io\netty\netty-common\4.1.94.Final\netty-common-4.1.94.Final.jar;C:\Users\kalekseenko\.m2\repository\io\netty\netty-buffer\4.1.94.Final\netty-buffer-4.1.94.Final.jar;C:\Users\kalekseenko\.m2\repository\io\netty\netty-handler\4.1.94.Final\netty-handler-4.1.94.Final.jar;C:\Users\kalekseenko\.m2\repository\io\netty\netty-transport-native-unix-common\4.1.94.Final\netty-transport-native-unix-common-4.1.94.Final.jar;C:\Users\kalekseenko\.m2\repository\io\netty\netty-transport-classes-epoll\4.1.94.Final\netty-transport-classes-epoll-4.1.94.Final.jar;C:\Users\kalekseenko\.m2\repository\io\netty\netty-resolver\4.1.94.Final\netty-resolver-4.1.94.Final.jar;C:\Users\kalekseenko\.m2\repository\com\google\inject\guice\7.0.0\guice-7.0.0.jar;C:\Users\kalekseenko\.m2\repository\jakarta\inject\jakarta.inject-api\2.0.1\jakarta.inject-api-2.0.1.jar;C:\Users\kalekseenko\.m2\repository\aopalliance\aopalliance\1.0\aopalliance-1.0.jar;C:\Users\kalekseenko\.m2\repository\com\google\guava\guava\31.0.1-jre\guava-31.0.1-jre.jar;C:\Users\kalekseenko\.m2\repository\com\google\guava\failureaccess\1.0.1\failureaccess-1.0.1.jar;C:\Users\kalekseenko\.m2\repository\com\google\guava\listenablefuture\9999.0-empty-to-avoid-conflict-with-guava\listenablefuture-9999.0-empty-to-avoid-conflict-with-guava.jar;C:\Users\kalekseenko\.m2\repository\com\google\j2objc\j2objc-annotations\1.3\j2objc-annotations-1.3.jar;C:\Users\kalekseenko\.m2\repository\com\google\inject\extensions\guice-testlib\7.0.0\guice-testlib-7.0.0.jar;C:\Users\kalekseenko\.m2\repository\com\google\inject\extensions\guice-throwingproviders\7.0.0\guice-throwingproviders-7.0.0.jar;C:\Users\kalekseenko\.m2\repository\com\google\truth\truth\1.1.3\truth-1.1.3.jar;C:\Users\kalekseenko\.m2\repository\junit\junit\4.13.2\junit-4.13.2.jar;C:\Users\kalekseenko\.m2\repository\org\hamcrest\hamcrest-core\1.3\hamcrest-core-1.3.jar;C:\Users\kalekseenko\.m2\repository\com\google\auto\value\auto-value-annotations\1.8.1\auto-value-annotations-1.8.1.jar;C:\Users\kalekseenko\.m2\repository\org\ow2\asm\asm\9.1\asm-9.1.jar;C:\Users\kalekseenko\.m2\repository\com\google\code\findbugs\jsr305\3.0.1\jsr305-3.0.1.jar;C:\Users\kalekseenko\.m2\repository\com\fasterxml\jackson\core\jackson-databind\2.17.0\jackson-databind-2.17.0.jar;C:\Users\kalekseenko\.m2\repository\com\fasterxml\jackson\core\jackson-annotations\2.17.0\jackson-annotations-2.17.0.jar;C:\Users\kalekseenko\.m2\repository\com\fasterxml\jackson\core\jackson-core\2.17.0\jackson-core-2.17.0.jar;C:\Users\kalekseenko\.m2\repository\org\thymeleaf\thymeleaf\3.1.2.RELEASE\thymeleaf-3.1.2.RELEASE.jar;C:\Users\kalekseenko\.m2\repository\ognl\ognl\3.3.4\ognl-3.3.4.jar;C:\Users\kalekseenko\.m2\repository\org\javassist\javassist\3.29.0-GA\javassist-3.29.0-GA.jar;C:\Users\kalekseenko\.m2\repository\org\attoparser\attoparser\2.0.7.RELEASE\attoparser-2.0.7.RELEASE.jar;C:\Users\kalekseenko\.m2\repository\org\unbescape\unbescape\1.1.6.RELEASE\unbescape-1.1.6.RELEASE.jar;C:\Users\kalekseenko\.m2\repository\org\freemarker\freemarker\2.3.32\freemarker-2.3.32.jar;C:\Users\kalekseenko\.m2\repository\org\mockito\mockito-core\5.18.0\mockito-core-5.18.0.jar;C:\Users\kalekseenko\.m2\repository\net\bytebuddy\byte-buddy-agent\1.17.5\byte-buddy-agent-1.17.5.jar;C:\Users\kalekseenko\.m2\repository\org\objenesis\objenesis\3.3\objenesis-3.3.jar;C:\Users\kalekseenko\.m2\repository\com\aventstack\extentreports\5.1.2\extentreports-5.1.2.jar;C:\Users\kalekseenko\.m2\repository\io\reactivex\rxjava3\rxjava\3.1.6\rxjava-3.1.6.jar;C:\Users\kalekseenko\.m2\repository\org\projectlombok\lombok\1.18.26\lombok-1.18.26.jar;C:\Users\kalekseenko\.m2\repository\org\apache\maven\surefire\surefire-junit-platform\3.2.5\surefire-junit-platform-3.2.5.jar;C:\Users\kalekseenko\.m2\repository\org\apache\maven\surefire\common-java5\3.2.5\common-java5-3.2.5.jar"/>
    <property name="java.vm.vendor" value="Oracle Corporation"/>
    <property name="sun.arch.data.model" value="64"/>
    <property name="user.variant" value=""/>
    <property name="java.vendor.url" value="https://java.oracle.com/"/>
    <property name="user.timezone" value="Europe/Moscow"/>
    <property name="os.name" value="Windows 10"/>
    <property name="java.vm.specification.version" value="20"/>
    <property name="sun.java.launcher" value="SUN_STANDARD"/>
    <property name="user.country" value="RU"/>
    <property name="sun.boot.library.path" value="C:\Program Files\Java\jdk-20\bin"/>
    <property name="sun.java.command" value="org.apache.maven.surefire.booter.ForkedBooter C:\Users\kalekseenko\AppData\Local\Temp\surefire16016526149432548853 2025-05-26T14-38-26_223-jvmRun1 surefire-20250526143826394_1tmp surefire_0-20250526143826394_2tmp"/>
    <property name="jdk.debug" value="release"/>
    <property name="surefire.test.class.path" value="C:\Users\kalekseenko\ParametrizedTest\target\test-classes;C:\Users\kalekseenko\ParametrizedTest\target\classes;C:\Users\kalekseenko\.m2\repository\org\aeonbits\owner\owner\1.0.12\owner-1.0.12.jar;C:\Users\kalekseenko\.m2\repository\io\qameta\allure\allure-java-commons\2.20.0\allure-java-commons-2.20.0.jar;C:\Users\kalekseenko\.m2\repository\org\slf4j\slf4j-api\1.7.36\slf4j-api-1.7.36.jar;C:\Users\kalekseenko\.m2\repository\io\qameta\allure\allure-model\2.20.0\allure-model-2.20.0.jar;C:\Users\kalekseenko\.m2\repository\org\junit\jupiter\junit-jupiter\5.10.0\junit-jupiter-5.10.0.jar;C:\Users\kalekseenko\.m2\repository\org\junit\jupiter\junit-jupiter-api\5.10.0\junit-jupiter-api-5.10.0.jar;C:\Users\kalekseenko\.m2\repository\com\microsoft\playwright\playwright\1.52.0\playwright-1.52.0.jar;C:\Users\kalekseenko\.m2\repository\com\google\code\gson\gson\2.12.1\gson-2.12.1.jar;C:\Users\kalekseenko\.m2\repository\com\google\errorprone\error_prone_annotations\2.36.0\error_prone_annotations-2.36.0.jar;C:\Users\kalekseenko\.m2\repository\org\opentest4j\opentest4j\1.3.0\opentest4j-1.3.0.jar;C:\Users\kalekseenko\.m2\repository\com\microsoft\playwright\driver\1.52.0\driver-1.52.0.jar;C:\Users\kalekseenko\.m2\repository\com\microsoft\playwright\driver-bundle\1.52.0\driver-bundle-1.52.0.jar;C:\Users\kalekseenko\.m2\repository\org\junit\platform\junit-platform-engine\1.10.0\junit-platform-engine-1.10.0.jar;C:\Users\kalekseenko\.m2\repository\org\junit\platform\junit-platform-commons\1.10.0\junit-platform-commons-1.10.0.jar;C:\Users\kalekseenko\.m2\repository\org\apiguardian\apiguardian-api\1.1.2\apiguardian-api-1.1.2.jar;C:\Users\kalekseenko\.m2\repository\org\slf4j\slf4j-simple\1.7.36\slf4j-simple-1.7.36.jar;C:\Users\kalekseenko\.m2\repository\org\junit\jupiter\junit-jupiter-params\5.11.4\junit-jupiter-params-5.11.4.jar;C:\Users\kalekseenko\.m2\repository\io\qameta\allure\allure-junit5\2.29.1\allure-junit5-2.29.1.jar;C:\Users\kalekseenko\.m2\repository\io\qameta\allure\allure-junit-platform\2.29.1\allure-junit-platform-2.29.1.jar;C:\Users\kalekseenko\.m2\repository\org\junit\platform\junit-platform-launcher\1.10.3\junit-platform-launcher-1.10.3.jar;C:\Users\kalekseenko\.m2\repository\io\qameta\allure\allure-test-filter\2.29.1\allure-test-filter-2.29.1.jar;C:\Users\kalekseenko\.m2\repository\org\junit\jupiter\junit-jupiter-engine\5.10.0\junit-jupiter-engine-5.10.0.jar;C:\Users\kalekseenko\.m2\repository\org\aspectj\aspectjweaver\1.9.22\aspectjweaver-1.9.22.jar;C:\Users\kalekseenko\.m2\repository\org\assertj\assertj-core\3.27.3\assertj-core-3.27.3.jar;C:\Users\kalekseenko\.m2\repository\net\bytebuddy\byte-buddy\1.15.11\byte-buddy-1.15.11.jar;C:\Users\kalekseenko\.m2\repository\com\mysql\mysql-connector-j\8.0.33\mysql-connector-j-8.0.33.jar;C:\Users\kalekseenko\.m2\repository\com\google\protobuf\protobuf-java\3.21.9\protobuf-java-3.21.9.jar;C:\Users\kalekseenko\.m2\repository\org\postgresql\postgresql\42.7.5\postgresql-42.7.5.jar;C:\Users\kalekseenko\.m2\repository\org\checkerframework\checker-qual\3.48.3\checker-qual-3.48.3.jar;C:\Users\kalekseenko\.m2\repository\com\github\javafaker\javafaker\1.0.2\javafaker-1.0.2.jar;C:\Users\kalekseenko\.m2\repository\org\apache\commons\commons-lang3\3.5\commons-lang3-3.5.jar;C:\Users\kalekseenko\.m2\repository\org\yaml\snakeyaml\1.23\snakeyaml-1.23-android.jar;C:\Users\kalekseenko\.m2\repository\com\github\mifmif\generex\1.0.2\generex-1.0.2.jar;C:\Users\kalekseenko\.m2\repository\dk\brics\automaton\automaton\1.11-8\automaton-1.11-8.jar;C:\Users\kalekseenko\.m2\repository\software\amazon\awssdk\s3\2.20.112\s3-2.20.112.jar;C:\Users\kalekseenko\.m2\repository\software\amazon\awssdk\aws-xml-protocol\2.20.112\aws-xml-protocol-2.20.112.jar;C:\Users\kalekseenko\.m2\repository\software\amazon\awssdk\aws-query-protocol\2.20.112\aws-query-protocol-2.20.112.jar;C:\Users\kalekseenko\.m2\repository\software\amazon\awssdk\protocol-core\2.20.112\protocol-core-2.20.112.jar;C:\Users\kalekseenko\.m2\repository\software\amazon\awssdk\arns\2.20.112\arns-2.20.112.jar;C:\Users\kalekseenko\.m2\repository\software\amazon\awssdk\profiles\2.20.112\profiles-2.20.112.jar;C:\Users\kalekseenko\.m2\repository\software\amazon\awssdk\crt-core\2.20.112\crt-core-2.20.112.jar;C:\Users\kalekseenko\.m2\repository\software\amazon\awssdk\sdk-core\2.20.112\sdk-core-2.20.112.jar;C:\Users\kalekseenko\.m2\repository\org\reactivestreams\reactive-streams\1.0.3\reactive-streams-1.0.3.jar;C:\Users\kalekseenko\.m2\repository\software\amazon\awssdk\auth\2.20.112\auth-2.20.112.jar;C:\Users\kalekseenko\.m2\repository\software\amazon\eventstream\eventstream\1.0.1\eventstream-1.0.1.jar;C:\Users\kalekseenko\.m2\repository\software\amazon\awssdk\http-client-spi\2.20.112\http-client-spi-2.20.112.jar;C:\Users\kalekseenko\.m2\repository\software\amazon\awssdk\regions\2.20.112\regions-2.20.112.jar;C:\Users\kalekseenko\.m2\repository\software\amazon\awssdk\annotations\2.20.112\annotations-2.20.112.jar;C:\Users\kalekseenko\.m2\repository\software\amazon\awssdk\utils\2.20.112\utils-2.20.112.jar;C:\Users\kalekseenko\.m2\repository\software\amazon\awssdk\aws-core\2.20.112\aws-core-2.20.112.jar;C:\Users\kalekseenko\.m2\repository\software\amazon\awssdk\metrics-spi\2.20.112\metrics-spi-2.20.112.jar;C:\Users\kalekseenko\.m2\repository\software\amazon\awssdk\json-utils\2.20.112\json-utils-2.20.112.jar;C:\Users\kalekseenko\.m2\repository\software\amazon\awssdk\third-party-jackson-core\2.20.112\third-party-jackson-core-2.20.112.jar;C:\Users\kalekseenko\.m2\repository\software\amazon\awssdk\endpoints-spi\2.20.112\endpoints-spi-2.20.112.jar;C:\Users\kalekseenko\.m2\repository\software\amazon\awssdk\apache-client\2.20.112\apache-client-2.20.112.jar;C:\Users\kalekseenko\.m2\repository\org\apache\httpcomponents\httpclient\4.5.13\httpclient-4.5.13.jar;C:\Users\kalekseenko\.m2\repository\commons-logging\commons-logging\1.2\commons-logging-1.2.jar;C:\Users\kalekseenko\.m2\repository\org\apache\httpcomponents\httpcore\4.4.13\httpcore-4.4.13.jar;C:\Users\kalekseenko\.m2\repository\commons-codec\commons-codec\1.15\commons-codec-1.15.jar;C:\Users\kalekseenko\.m2\repository\software\amazon\awssdk\netty-nio-client\2.20.112\netty-nio-client-2.20.112.jar;C:\Users\kalekseenko\.m2\repository\io\netty\netty-codec-http\4.1.94.Final\netty-codec-http-4.1.94.Final.jar;C:\Users\kalekseenko\.m2\repository\io\netty\netty-codec-http2\4.1.94.Final\netty-codec-http2-4.1.94.Final.jar;C:\Users\kalekseenko\.m2\repository\io\netty\netty-codec\4.1.94.Final\netty-codec-4.1.94.Final.jar;C:\Users\kalekseenko\.m2\repository\io\netty\netty-transport\4.1.94.Final\netty-transport-4.1.94.Final.jar;C:\Users\kalekseenko\.m2\repository\io\netty\netty-common\4.1.94.Final\netty-common-4.1.94.Final.jar;C:\Users\kalekseenko\.m2\repository\io\netty\netty-buffer\4.1.94.Final\netty-buffer-4.1.94.Final.jar;C:\Users\kalekseenko\.m2\repository\io\netty\netty-handler\4.1.94.Final\netty-handler-4.1.94.Final.jar;C:\Users\kalekseenko\.m2\repository\io\netty\netty-transport-native-unix-common\4.1.94.Final\netty-transport-native-unix-common-4.1.94.Final.jar;C:\Users\kalekseenko\.m2\repository\io\netty\netty-transport-classes-epoll\4.1.94.Final\netty-transport-classes-epoll-4.1.94.Final.jar;C:\Users\kalekseenko\.m2\repository\io\netty\netty-resolver\4.1.94.Final\netty-resolver-4.1.94.Final.jar;C:\Users\kalekseenko\.m2\repository\com\google\inject\guice\7.0.0\guice-7.0.0.jar;C:\Users\kalekseenko\.m2\repository\jakarta\inject\jakarta.inject-api\2.0.1\jakarta.inject-api-2.0.1.jar;C:\Users\kalekseenko\.m2\repository\aopalliance\aopalliance\1.0\aopalliance-1.0.jar;C:\Users\kalekseenko\.m2\repository\com\google\guava\guava\31.0.1-jre\guava-31.0.1-jre.jar;C:\Users\kalekseenko\.m2\repository\com\google\guava\failureaccess\1.0.1\failureaccess-1.0.1.jar;C:\Users\kalekseenko\.m2\repository\com\google\guava\listenablefuture\9999.0-empty-to-avoid-conflict-with-guava\listenablefuture-9999.0-empty-to-avoid-conflict-with-guava.jar;C:\Users\kalekseenko\.m2\repository\com\google\j2objc\j2objc-annotations\1.3\j2objc-annotations-1.3.jar;C:\Users\kalekseenko\.m2\repository\com\google\inject\extensions\guice-testlib\7.0.0\guice-testlib-7.0.0.jar;C:\Users\kalekseenko\.m2\repository\com\google\inject\extensions\guice-throwingproviders\7.0.0\guice-throwingproviders-7.0.0.jar;C:\Users\kalekseenko\.m2\repository\com\google\truth\truth\1.1.3\truth-1.1.3.jar;C:\Users\kalekseenko\.m2\repository\junit\junit\4.13.2\junit-4.13.2.jar;C:\Users\kalekseenko\.m2\repository\org\hamcrest\hamcrest-core\1.3\hamcrest-core-1.3.jar;C:\Users\kalekseenko\.m2\repository\com\google\auto\value\auto-value-annotations\1.8.1\auto-value-annotations-1.8.1.jar;C:\Users\kalekseenko\.m2\repository\org\ow2\asm\asm\9.1\asm-9.1.jar;C:\Users\kalekseenko\.m2\repository\com\google\code\findbugs\jsr305\3.0.1\jsr305-3.0.1.jar;C:\Users\kalekseenko\.m2\repository\com\fasterxml\jackson\core\jackson-databind\2.17.0\jackson-databind-2.17.0.jar;C:\Users\kalekseenko\.m2\repository\com\fasterxml\jackson\core\jackson-annotations\2.17.0\jackson-annotations-2.17.0.jar;C:\Users\kalekseenko\.m2\repository\com\fasterxml\jackson\core\jackson-core\2.17.0\jackson-core-2.17.0.jar;C:\Users\kalekseenko\.m2\repository\org\thymeleaf\thymeleaf\3.1.2.RELEASE\thymeleaf-3.1.2.RELEASE.jar;C:\Users\kalekseenko\.m2\repository\ognl\ognl\3.3.4\ognl-3.3.4.jar;C:\Users\kalekseenko\.m2\repository\org\javassist\javassist\3.29.0-GA\javassist-3.29.0-GA.jar;C:\Users\kalekseenko\.m2\repository\org\attoparser\attoparser\2.0.7.RELEASE\attoparser-2.0.7.RELEASE.jar;C:\Users\kalekseenko\.m2\repository\org\unbescape\unbescape\1.1.6.RELEASE\unbescape-1.1.6.RELEASE.jar;C:\Users\kalekseenko\.m2\repository\org\freemarker\freemarker\2.3.32\freemarker-2.3.32.jar;C:\Users\kalekseenko\.m2\repository\org\mockito\mockito-core\5.18.0\mockito-core-5.18.0.jar;C:\Users\kalekseenko\.m2\repository\net\bytebuddy\byte-buddy-agent\1.17.5\byte-buddy-agent-1.17.5.jar;C:\Users\kalekseenko\.m2\repository\org\objenesis\objenesis\3.3\objenesis-3.3.jar;C:\Users\kalekseenko\.m2\repository\com\aventstack\extentreports\5.1.2\extentreports-5.1.2.jar;C:\Users\kalekseenko\.m2\repository\io\reactivex\rxjava3\rxjava\3.1.6\rxjava-3.1.6.jar;C:\Users\kalekseenko\.m2\repository\org\projectlombok\lombok\1.18.26\lombok-1.18.26.jar;"/>
    <property name="sun.cpu.endian" value="little"/>
    <property name="user.home" value="C:\Users\kalekseenko"/>
    <property name="user.language" value="ru"/>
    <property name="java.specification.vendor" value="Oracle Corporation"/>
    <property name="java.version.date" value="2023-07-18"/>
    <property name="java.home" value="C:\Program Files\Java\jdk-20"/>
    <property name="file.separator" value="\"/>
    <property name="basedir" value="C:\Users\kalekseenko\ParametrizedTest"/>
    <property name="java.vm.compressedOopsMode" value="Zero based"/>
    <property name="line.separator" value="&#10;"/>
    <property name="java.vm.specification.vendor" value="Oracle Corporation"/>
    <property name="java.specification.name" value="Java Platform API Specification"/>
    <property name="user.script" value=""/>
    <property name="sun.management.compiler" value="HotSpot 64-Bit Tiered Compilers"/>
    <property name="java.runtime.version" value="20.0.2+9-78"/>
    <property name="user.name" value="kalekseenko"/>
    <property name="stdout.encoding" value="UTF-8"/>
    <property name="path.separator" value=";"/>
    <property name="os.version" value="10.0"/>
    <property name="java.runtime.name" value="Java(TM) SE Runtime Environment"/>
    <property name="file.encoding" value="UTF-8"/>
    <property name="java.vm.name" value="Java HotSpot(TM) 64-Bit Server VM"/>
    <property name="localRepository" value="C:\Users\kalekseenko\.m2\repository"/>
    <property name="java.vendor.url.bug" value="https://bugreport.java.com/bugreport/"/>
    <property name="java.io.tmpdir" value="C:\Users\KALEKS~1\AppData\Local\Temp\"/>
    <property name="java.version" value="20.0.2"/>
    <property name="user.dir" value="C:\Users\kalekseenko\ParametrizedTest"/>
    <property name="os.arch" value="amd64"/>
    <property name="java.vm.specification.name" value="Java Virtual Machine Specification"/>
    <property name="sun.os.patch.level" value=""/>
    <property name="native.encoding" value="UTF-8"/>
    <property name="java.library.path" value="C:\Program Files\Java\jdk-20\bin;C:\Windows\Sun\Java\bin;C:\Windows\system32;C:\Windows;C:\Windows\system32;C:\Windows;C:\Windows\System32\Wbem;C:\Windows\System32\WindowsPowerShell\v1.0\;C:\Windows\System32\OpenSSH\;C:\Program Files\nodejs\;C:\Program Files\Docker\Docker\resources\bin;C:\Program Files\Java\jdk-20\bin;C:\Program Files\apache-maven-3.9.3\bin;C:\Users\kalekseenko\AppData\Local\Android\Sdk;C:\ProgramData\chocolatey\bin;C:\Windows\System32;%GRAILS_HOME%\bin;C:\Users\kalekseenko\Downloads\allure-2.30.0\allure-2.30.0\bin;C:\Users\kalekseenko\scoop\shims;$env:PATH;C:\apache-maven-3.9.3\bin;C:\Users\kalekseenko\AppData\Local\Programs\Git\cmd;C:\Users\kalekseenko\AppData\Local\Programs\Microsoft VS Code\bin;."/>
    <property name="java.vm.info" value="mixed mode, sharing"/>
    <property name="stderr.encoding" value="UTF-8"/>
    <property name="java.vendor" value="Oracle Corporation"/>
    <property name="java.vm.version" value="20.0.2+9-78"/>
    <property name="sun.io.unicode.encoding" value="UnicodeLittle"/>
    <property name="java.class.version" value="64.0"/>
  </properties>
  <testcase name="testAddToCart" classname="tests.CartTest" time="8.213">
    <system-out><![CDATA[Файл конфигурации загружен успешно.
]]></system-out>
    <system-err><![CDATA[мая 26, 2025 2:38:27 PM org.junit.jupiter.engine.discovery.MethodSelectorResolver resolve
WARNING: Possible configuration error: method [void tests.CartTest.testAddToCart()] resulted in multiple TestDescriptors [org.junit.jupiter.engine.descriptor.TestMethodTestDescriptor, org.junit.jupiter.engine.descriptor.TestTemplateTestDescriptor]. This is typically the result of annotating a method with multiple competing annotations such as @Test, @RepeatedTest, @ParameterizedTest, @TestFactory, etc.
мая 26, 2025 2:38:28 PM org.junit.jupiter.engine.discovery.MethodSelectorResolver resolve
WARNING: Possible configuration error: method [void tests.LoginTest.testSuccessfulLogin()] resulted in multiple TestDescriptors [org.junit.jupiter.engine.descriptor.TestMethodTestDescriptor, org.junit.jupiter.engine.descriptor.TestTemplateTestDescriptor]. This is typically the result of annotating a method with multiple competing annotations such as @Test, @RepeatedTest, @ParameterizedTest, @TestFactory, etc.
мая 26, 2025 2:38:28 PM org.junit.jupiter.engine.discovery.MethodSelectorResolver resolve
WARNING: Possible configuration error: method [void tests.CartTest.testAddToCart()] resulted in multiple TestDescriptors [org.junit.jupiter.engine.descriptor.TestTemplateTestDescriptor, org.junit.jupiter.engine.descriptor.TestMethodTestDescriptor]. This is typically the result of annotating a method with multiple competing annotations such as @Test, @RepeatedTest, @ParameterizedTest, @TestFactory, etc.
мая 26, 2025 2:38:28 PM org.junit.jupiter.engine.discovery.MethodSelectorResolver resolve
WARNING: Possible configuration error: method [void tests.LoginTest.testSuccessfulLogin()] resulted in multiple TestDescriptors [org.junit.jupiter.engine.descriptor.TestMethodTestDescriptor, org.junit.jupiter.engine.descriptor.TestTemplateTestDescriptor]. This is typically the result of annotating a method with multiple competing annotations such as @Test, @RepeatedTest, @ParameterizedTest, @TestFactory, etc.
]]></system-err>
  </testcase>
  <testcase name="testAddToCart" classname="tests.CartTest" time="2.855">
    <system-out><![CDATA[Файл конфигурации загружен успешно.
]]></system-out>
  </testcase>
  <testcase name="testAddToCart" classname="tests.CartTest" time="2.805">
    <system-out><![CDATA[Файл конфигурации загружен успешно.
]]></system-out>
  </testcase>
  <testcase name="testAddToCart" classname="tests.CartTest" time="2.753">
    <system-out><![CDATA[Файл конфигурации загружен успешно.
]]></system-out>
  </testcase>
</testsuite>